<?xml version="1.0" encoding="UTF-8"?>
<!-- Generated by org.testng.reporters.JUnitReportReporter -->
<testsuite hostname="LAPTOP-0RGLVUBS" failures="0" tests="1" name="testCases.TC_001_Login" time="1.827" errors="0" timestamp="2023-10-03T21:08:22 IST" skipped="0">
  <testcase classname="testCases.TC_001_Login" name="test_login" time="1.827"/>
</testsuite> <!-- testCases.TC_001_Login -->
